2013-03-15 20:31:19,555 [http-bio-8080-exec-8] ERROR StackTrace  - Full Stack Trace:
java.lang.ArrayIndexOutOfBoundsException: 4690
	at org.springsource.loaded.NameRegistry.getIdFor(NameRegistry.java:56)
	at org.springsource.loaded.NameRegistry.getIdOrAllocateFor(NameRegistry.java:71)
	at org.springsource.loaded.TypeRegistry.getTypeIdFor(TypeRegistry.java:769)
	at org.springsource.loaded.TypeRegistry.getReloadableType(TypeRegistry.java:972)
	at org.springsource.loaded.ri.ReflectiveInterceptor.getRType(ReflectiveInterceptor.java:863)
	at org.springsource.loaded.ri.ReflectiveInterceptor.jlClassGetConstructor(ReflectiveInterceptor.java:472)
	at org.codehaus.groovy.reflection.ClassLoaderForClassArtifacts.defineClassAndGetConstructor(ClassLoaderForClassArtifacts.java:92)
	at org.codehaus.groovy.runtime.callsite.CallSiteGenerator.compilePojoMethod(CallSiteGenerator.java:229)
	at org.codehaus.groovy.reflection.CachedMethod.createPojoMetaMethodSite(CachedMethod.java:257)
	at org.codehaus.groovy.runtime.callsite.PojoMetaMethodSite.createCachedMethodSite(PojoMetaMethodSite.java:159)
	at org.codehaus.groovy.runtime.callsite.PojoMetaMethodSite.createPojoMetaMethodSite(PojoMetaMethodSite.java:148)
	at groovy.lang.MetaClassImpl.createPojoCallSite(MetaClassImpl.java:3017)
	at groovy.lang.ExpandoMetaClass.createPojoCallSite(ExpandoMetaClass.java:1289)
	at org.codehaus.groovy.runtime.callsite.CallSiteArray.createPojoSite(CallSiteArray.java:129)
	at org.codehaus.groovy.runtime.callsite.CallSiteArray.createCallSite(CallSiteArray.java:163)
	at org.codehaus.groovy.runtime.callsite.CallSiteArray.defaultCall(CallSiteArray.java:45)
	at org.codehaus.groovy.runtime.callsite.AbstractCallSite.call(AbstractCallSite.java:108)
	at org.codehaus.groovy.runtime.callsite.AbstractCallSite.call(AbstractCallSite.java:116)
	at org.grails.plugin.resource.ResourceProcessor.processModernResource(ResourceProcessor.groovy:294)
	at org.grails.plugin.resource.ResourceProcessor$processModernResource$4.call(Unknown Source)
	at org.codehaus.groovy.runtime.callsite.CallSiteArray.defaultCall(CallSiteArray.java:45)
	at org.codehaus.groovy.runtime.callsite.AbstractCallSite.call(AbstractCallSite.java:108)
	at org.codehaus.groovy.runtime.callsite.AbstractCallSite.call(AbstractCallSite.java:120)
	at org.grails.plugin.resource.ProcessingFilter.doFilter(ProcessingFilter.groovy:39)
	at org.apache.catalina.core.ApplicationFilterChain.internalDoFilter(ApplicationFilterChain.java:243)
	at org.apache.catalina.core.ApplicationFilterChain.doFilter(ApplicationFilterChain.java:210)
	at org.springframework.web.filter.CharacterEncodingFilter.doFilterInternal(CharacterEncodingFilter.java:89)
	at org.springframework.web.filter.OncePerRequestFilter.doFilter(OncePerRequestFilter.java:76)
	at org.springframework.web.filter.DelegatingFilterProxy.invokeDelegate(DelegatingFilterProxy.java:347)
	at org.springframework.web.filter.DelegatingFilterProxy.doFilter(DelegatingFilterProxy.java:260)
	at org.apache.catalina.core.ApplicationFilterChain.internalDoFilter(ApplicationFilterChain.java:243)
	at org.apache.catalina.core.ApplicationFilterChain.doFilter(ApplicationFilterChain.java:210)
	at org.apache.catalina.core.StandardWrapperValve.invoke(StandardWrapperValve.java:222)
	at org.apache.catalina.core.StandardContextValve.invoke(StandardContextValve.java:124)
	at org.apache.catalina.core.StandardHostValve.invoke(StandardHostValve.java:168)
	at org.apache.catalina.valves.ErrorReportValve.invoke(ErrorReportValve.java:101)
	at org.apache.catalina.core.StandardEngineValve.invoke(StandardEngineValve.java:120)
	at org.apache.catalina.connector.CoyoteAdapter.service(CoyoteAdapter.java:407)
	at org.apache.coyote.http11.AbstractHttp11Processor.process(AbstractHttp11Processor.java:1002)
	at org.apache.coyote.AbstractProtocol$AbstractConnectionHandler.process(AbstractProtocol.java:585)
	at org.apache.tomcat.util.net.JIoEndpoint$SocketProcessor.run(JIoEndpoint.java:310)
	at java.util.concurrent.ThreadPoolExecutor$Worker.runTask(ThreadPoolExecutor.java:886)
	at java.util.concurrent.ThreadPoolExecutor$Worker.run(ThreadPoolExecutor.java:909)
	at java.lang.Thread.run(Thread.java:662)
2013-03-15 20:31:19,573 [http-bio-8080-exec-8] ERROR StackTrace  - Full Stack Trace:
java.lang.ArrayIndexOutOfBoundsException: 4690
	at org.grails.plugin.resource.ResourceProcessor.processModernResource(ResourceProcessor.groovy:294)
	at org.grails.plugin.resource.ProcessingFilter.doFilter(ProcessingFilter.groovy:39)
	at java.util.concurrent.ThreadPoolExecutor$Worker.runTask(ThreadPoolExecutor.java:886)
	at java.util.concurrent.ThreadPoolExecutor$Worker.run(ThreadPoolExecutor.java:909)
	at java.lang.Thread.run(Thread.java:662)
2013-03-15 20:31:19,774 [http-bio-8080-exec-8] ERROR StackTrace  - Full Stack Trace:
java.lang.ArrayIndexOutOfBoundsException: 4690
	at org.grails.plugin.resource.ResourceProcessor.processModernResource(ResourceProcessor.groovy:294)
	at org.grails.plugin.resource.ProcessingFilter.doFilter(ProcessingFilter.groovy:39)
	at java.util.concurrent.ThreadPoolExecutor$Worker.runTask(ThreadPoolExecutor.java:886)
	at java.util.concurrent.ThreadPoolExecutor$Worker.run(ThreadPoolExecutor.java:909)
	at java.lang.Thread.run(Thread.java:662)
2013-03-15 20:31:19,774 [http-bio-8080-exec-8] ERROR StackTrace  - Full Stack Trace:
java.lang.ArrayIndexOutOfBoundsException: 4690
	at org.grails.plugin.resource.ResourceProcessor.processModernResource(ResourceProcessor.groovy:294)
	at org.grails.plugin.resource.ProcessingFilter.doFilter(ProcessingFilter.groovy:39)
	at java.util.concurrent.ThreadPoolExecutor$Worker.runTask(ThreadPoolExecutor.java:886)
	at java.util.concurrent.ThreadPoolExecutor$Worker.run(ThreadPoolExecutor.java:909)
	at java.lang.Thread.run(Thread.java:662)
